0 info it worked if it ends with ok
1 verbose cli [ 'C:\\Program Files\\nodejs\\node.exe',
1 verbose cli   'C:\\Program Files\\nodejs\\node_modules\\npm\\bin\\npm-cli.js',
1 verbose cli   'run',
1 verbose cli   'devstart' ]
2 info using npm@3.10.10
3 info using node@v6.10.3
4 verbose config Skipping project config: D:\Users\US54909/.npmrc. (matches userconfig)
5 verbose stack Error: ENOENT: no such file or directory, open 'D:\Users\US54909\package.json'
5 verbose stack     at Error (native)
6 verbose cwd D:\Users\US54909\Desktop\Express\Test-Rally-WDC
7 error Windows_NT 6.1.7601
8 error argv "C:\\Program Files\\nodejs\\node.exe" "C:\\Program Files\\nodejs\\node_modules\\npm\\bin\\npm-cli.js" "run" "devstart"
9 error node v6.10.3
10 error npm  v3.10.10
11 error path D:\Users\US54909\package.json
12 error code ENOENT
13 error errno -4058
14 error syscall open
15 error enoent ENOENT: no such file or directory, open 'D:\Users\US54909\package.json'
16 error enoent ENOENT: no such file or directory, open 'D:\Users\US54909\package.json'
16 error enoent This is most likely not a problem with npm itself
16 error enoent and is related to npm not being able to find a file.
17 verbose exit [ -4058, true ]
